<?xml version="1.0" encoding="UTF-8"?>
<testng-results ignored="0" total="1" passed="1" failed="0" skipped="0">
  <reporter-output>
  </reporter-output>
  <suite started-at="2023-09-28T18:29:42 IST" name="Default suite" finished-at="2023-09-28T18:29:45 IST" duration-ms="2972">
    <groups>
    </groups>
    <test started-at="2023-09-28T18:29:42 IST" name="Default test" finished-at="2023-09-28T18:29:45 IST" duration-ms="2972">
      <class name="Q16AssignTestNG.Q16">
        <test-method signature="test()[pri:0, instance:Q16AssignTestNG.Q16@4ec4f3a0]" started-at="2023-09-28T18:29:42 IST" name="test" finished-at="2023-09-28T18:29:45 IST" duration-ms="2924" status="PASS">
          <reporter-output>
          </reporter-output>
        </test-method> <!-- test -->
      </class> <!-- Q16AssignTestNG.Q16 -->
    </test> <!-- Default test -->
  </suite> <!-- Default suite -->
</testng-results>
